0 verbose cli D:\node.exe D:\node_modules\npm\bin\npm-cli.js
1 info using npm@8.19.2
2 info using node@v16.18.1
3 timing npm:load:whichnode Completed in 0ms
4 timing config:load:defaults Completed in 1ms
5 timing config:load:file:D:\node_modules\npm\npmrc Completed in 6ms
6 timing config:load:builtin Completed in 6ms
7 timing config:load:cli Completed in 1ms
8 timing config:load:env Completed in 0ms
9 timing config:load:project Completed in 2ms
10 timing config:load:file:C:\Users\86139\.npmrc Completed in 1ms
11 timing config:load:user Completed in 1ms
12 timing config:load:file:C:\Users\86139\AppData\Roaming\npm\etc\npmrc Completed in 0ms
13 timing config:load:global Completed in 0ms
14 timing config:load:validate Completed in 1ms
15 timing config:load:credentials Completed in 0ms
16 timing config:load:setEnvs Completed in 1ms
17 timing config:load Completed in 13ms
18 timing npm:load:configload Completed in 13ms
19 timing npm:load:mkdirpcache Completed in 0ms
20 timing npm:load:mkdirplogs Completed in 1ms
21 verbose title npm install crypto-js
22 verbose argv "install" "crypto-js"
23 timing npm:load:setTitle Completed in 1ms
24 timing config:load:flatten Completed in 2ms
25 timing npm:load:display Completed in 3ms
26 verbose logfile logs-max:10 dir:D:\Desktop\python\_logs
27 verbose logfile D:\Desktop\python\_logs\2022-11-25T03_21_34_761Z-debug-0.log
28 timing npm:load:logFile Completed in 3ms
29 timing npm:load:timers Completed in 0ms
30 timing npm:load:configScope Completed in 1ms
31 timing npm:load Completed in 22ms
32 timing arborist:ctor Completed in 0ms
33 silly logfile done cleaning log files
34 timing idealTree:init Completed in 8ms
35 timing idealTree:userRequests Completed in 1ms
36 silly idealTree buildDeps
37 silly fetch manifest crypto-js@^4.1.1
38 http fetch GET 200 https://registry.npmjs.org/crypto-js 915ms (cache miss)
39 silly placeDep ROOT crypto-js@4.1.1 REPLACE for:  want: ^4.1.1
40 timing idealTree:#root Completed in 921ms
41 timing idealTree:node_modules/crypto-js Completed in 0ms
42 timing idealTree:buildDeps Completed in 921ms
43 timing idealTree:fixDepFlags Completed in 0ms
44 timing idealTree Completed in 930ms
45 timing reify:loadTrees Completed in 932ms
46 timing reify:diffTrees Completed in 0ms
47 silly reify moves {}
48 timing reify:retireShallow Completed in 0ms
49 timing reify:createSparse Completed in 2ms
50 timing reify:loadBundles Completed in 0ms
51 silly audit bulk request { 'crypto-js': [ '4.1.1' ] }
52 silly tarball no local data for crypto-js@https://registry.npmjs.org/crypto-js/-/crypto-js-4.1.1.tgz. Extracting by manifest.
53 http fetch POST 200 https://registry.npmjs.org/-/npm/v1/security/advisories/bulk 276ms
54 timing auditReport:getReport Completed in 277ms
55 silly audit report {}
56 timing auditReport:init Completed in 0ms
57 timing reify:audit Completed in 278ms
58 http fetch GET 200 https://registry.npmjs.org/crypto-js/-/crypto-js-4.1.1.tgz 1176ms (cache miss)
59 timing reifyNode:node_modules/crypto-js Completed in 1181ms
60 timing reify:unpack Completed in 1181ms
61 timing reify:unretire Completed in 0ms
62 timing build:queue Completed in 1ms
63 timing build:deps Completed in 1ms
64 timing build Completed in 1ms
65 timing reify:build Completed in 1ms
66 timing reify:trash Completed in 0ms
67 timing reify:save Completed in 3ms
68 timing reify Completed in 2147ms
69 silly ADD node_modules/crypto-js
70 timing command:install Completed in 2150ms
71 verbose exit 0
72 timing npm Completed in 2236ms
73 info ok
