0 verbose cli D:\node.exe D:\node_modules\npm\bin\npm-cli.js
1 info using npm@8.19.2
2 info using node@v16.18.1
3 timing npm:load:whichnode Completed in 0ms
4 timing config:load:defaults Completed in 1ms
5 timing config:load:file:D:\node_modules\npm\npmrc Completed in 1ms
6 timing config:load:builtin Completed in 3ms
7 timing config:load:cli Completed in 1ms
8 timing config:load:env Completed in 1ms
9 timing config:load:file:C:\Users\86139\AppData\Local\JetBrains\PyCharm2022.2\javascript\typings\node\16.18.1\.npmrc Completed in 0ms
10 timing config:load:project Completed in 5ms
11 timing config:load:file:C:\Users\86139\.npmrc Completed in 1ms
12 timing config:load:user Completed in 1ms
13 timing config:load:file:C:\Users\86139\AppData\Roaming\npm\etc\npmrc Completed in 0ms
14 timing config:load:global Completed in 0ms
15 timing config:load:validate Completed in 0ms
16 timing config:load:credentials Completed in 1ms
17 timing config:load:setEnvs Completed in 1ms
18 timing config:load Completed in 14ms
19 timing npm:load:configload Completed in 14ms
20 timing npm:load:mkdirpcache Completed in 0ms
21 timing npm:load:mkdirplogs Completed in 1ms
22 verbose title npm install @types/node@16.18.1
23 verbose argv "install" "@types/node@16.18.1" "--ignore-scripts"
24 timing npm:load:setTitle Completed in 1ms
25 timing config:load:flatten Completed in 2ms
26 timing npm:load:display Completed in 3ms
27 verbose logfile logs-max:10 dir:D:\Desktop\python\_logs
28 verbose logfile D:\Desktop\python\_logs\2022-11-25T08_21_47_369Z-debug-0.log
29 timing npm:load:logFile Completed in 4ms
30 timing npm:load:timers Completed in 0ms
31 timing npm:load:configScope Completed in 0ms
32 timing npm:load Completed in 23ms
33 timing arborist:ctor Completed in 1ms
34 silly logfile done cleaning log files
35 timing arborist:ctor Completed in 1ms
36 timing idealTree:init Completed in 14ms
37 timing idealTree:userRequests Completed in 3ms
38 silly idealTree buildDeps
39 silly fetch manifest @types/node@16.18.1
40 http fetch GET 200 https://registry.npmjs.org/@types%2fnode 5058ms (cache miss)
41 silly placeDep ROOT @types/node@16.18.1 OK for:  want: 16.18.1
42 timing idealTree:#root Completed in 5073ms
43 timing idealTree:node_modules/@types/node Completed in 0ms
44 timing idealTree:buildDeps Completed in 5074ms
45 timing idealTree:fixDepFlags Completed in 0ms
46 timing idealTree Completed in 5093ms
47 timing reify:loadTrees Completed in 5094ms
48 timing reify:diffTrees Completed in 0ms
49 silly reify moves {}
50 timing reify:retireShallow Completed in 1ms
51 timing reify:createSparse Completed in 3ms
52 timing reify:loadBundles Completed in 0ms
53 silly audit bulk request { '@types/node': [ '16.18.1' ] }
54 silly tarball no local data for @types/node@https://registry.npmjs.org/@types/node/-/node-16.18.1.tgz. Extracting by manifest.
55 http fetch POST 200 https://registry.npmjs.org/-/npm/v1/security/advisories/bulk 283ms
56 timing auditReport:getReport Completed in 284ms
57 silly audit report {}
58 timing auditReport:init Completed in 0ms
59 timing reify:audit Completed in 284ms
60 http fetch GET 200 https://registry.npmjs.org/npm 7867ms (cache miss)
61 http fetch GET 200 https://registry.npmjs.org/@types/node/-/node-16.18.1.tgz 3936ms (cache miss)
62 timing reifyNode:node_modules/@types/node Completed in 3942ms
63 timing reify:unpack Completed in 3942ms
64 timing reify:unretire Completed in 0ms
65 timing build:queue Completed in 0ms
66 timing build:deps Completed in 0ms
67 timing build Completed in 1ms
68 timing reify:build Completed in 1ms
69 timing reify:trash Completed in 0ms
70 timing reify:save Completed in 4ms
71 timing reify Completed in 9077ms
72 silly ADD node_modules/@types/node
73 timing command:install Completed in 9081ms
74 notice
74 notice New [31mmajor[39m version of npm available! [31m8.19.2[39m -> [32m9.1.2[39m
74 notice Changelog: [36mhttps://github.com/npm/cli/releases/tag/v9.1.2[39m
74 notice Run [32mnpm install -g npm@9.1.2[39m to update!
74 notice
75 verbose exit 0
76 timing npm Completed in 9217ms
77 info ok
