0 verbose cli D:\node.exe D:\node_modules\npm\bin\npm-cli.js
1 info using npm@8.19.2
2 info using node@v16.18.1
3 timing npm:load:whichnode Completed in 0ms
4 timing config:load:defaults Completed in 1ms
5 timing config:load:file:D:\node_modules\npm\npmrc Completed in 2ms
6 timing config:load:builtin Completed in 3ms
7 timing config:load:cli Completed in 1ms
8 timing config:load:env Completed in 1ms
9 timing config:load:file:C:\Users\86139\AppData\Local\Microsoft\TypeScript\4.8\.npmrc Completed in 1ms
10 timing config:load:project Completed in 7ms
11 timing config:load:file:C:\Users\86139\.npmrc Completed in 0ms
12 timing config:load:user Completed in 0ms
13 timing config:load:file:C:\Users\86139\AppData\Roaming\npm\etc\npmrc Completed in 0ms
14 timing config:load:global Completed in 1ms
15 timing config:load:validate Completed in 0ms
16 timing config:load:credentials Completed in 1ms
17 timing config:load:setEnvs Completed in 0ms
18 timing config:load Completed in 15ms
19 timing npm:load:configload Completed in 15ms
20 timing npm:load:mkdirpcache Completed in 1ms
21 timing npm:load:mkdirplogs Completed in 1ms
22 verbose title npm install @types/crypto-js@ts4.8
23 verbose argv "install" "--ignore-scripts" "@types/crypto-js@ts4.8" "--save-dev" "--user-agent" "typesInstaller/4.8.4"
24 timing npm:load:setTitle Completed in 1ms
25 timing config:load:flatten Completed in 2ms
26 timing npm:load:display Completed in 3ms
27 verbose logfile logs-max:10 dir:D:\Desktop\python\_logs
28 verbose logfile D:\Desktop\python\_logs\2022-12-05T07_16_34_081Z-debug-0.log
29 timing npm:load:logFile Completed in 5ms
30 timing npm:load:timers Completed in 0ms
31 timing npm:load:configScope Completed in 0ms
32 timing npm:load Completed in 26ms
33 timing arborist:ctor Completed in 0ms
34 silly logfile done cleaning log files
35 timing idealTree:init Completed in 8ms
36 timing arborist:ctor Completed in 0ms
37 http fetch GET 200 https://registry.npmjs.org/@types%2fcrypto-js 1378ms (cache miss)
38 timing idealTree:userRequests Completed in 1381ms
39 silly idealTree buildDeps
40 silly fetch manifest @types/crypto-js@4.1.1
41 silly placeDep ROOT @types/crypto-js@4.1.1 OK for:  want: 4.1.1
42 timing idealTree:#root Completed in 4ms
43 timing idealTree:node_modules/@types/crypto-js Completed in 0ms
44 timing idealTree:buildDeps Completed in 5ms
45 timing idealTree:fixDepFlags Completed in 0ms
46 timing idealTree Completed in 1394ms
47 timing reify:loadTrees Completed in 1395ms
48 timing reify:diffTrees Completed in 0ms
49 silly reify moves {}
50 timing reify:retireShallow Completed in 1ms
51 timing reify:createSparse Completed in 2ms
52 timing reify:loadBundles Completed in 0ms
53 silly audit bulk request { 'types-registry': [ '0.1.621' ], '@types/crypto-js': [ '4.1.1' ] }
54 silly tarball no local data for @types/crypto-js@https://registry.npmjs.org/@types/crypto-js/-/crypto-js-4.1.1.tgz. Extracting by manifest.
55 http fetch POST 200 https://registry.npmjs.org/-/npm/v1/security/advisories/bulk 304ms
56 timing auditReport:getReport Completed in 307ms
57 silly audit report {}
58 timing auditReport:init Completed in 0ms
59 timing reify:audit Completed in 307ms
60 http fetch GET 200 https://registry.npmjs.org/@types/crypto-js/-/crypto-js-4.1.1.tgz 1090ms (cache miss)
61 timing reifyNode:node_modules/@types/crypto-js Completed in 1096ms
62 timing reify:unpack Completed in 1096ms
63 timing reify:unretire Completed in 0ms
64 timing build:queue Completed in 1ms
65 timing build:deps Completed in 1ms
66 timing build Completed in 1ms
67 timing reify:build Completed in 1ms
68 timing reify:trash Completed in 0ms
69 timing reify:save Completed in 4ms
70 timing reify Completed in 2513ms
71 silly ADD node_modules/@types/crypto-js
72 timing command:install Completed in 2517ms
73 verbose exit 0
74 timing npm Completed in 2623ms
75 info ok
