0 verbose cli D:\node.exe D:\node_modules\npm\bin\npm-cli.js
1 info using npm@8.19.2
2 info using node@v16.18.1
3 timing npm:load:whichnode Completed in 1ms
4 timing config:load:defaults Completed in 1ms
5 timing config:load:file:D:\node_modules\npm\npmrc Completed in 2ms
6 timing config:load:builtin Completed in 2ms
7 timing config:load:cli Completed in 2ms
8 timing config:load:env Completed in 0ms
9 timing config:load:file:C:\Users\86139\AppData\Local\Microsoft\TypeScript\4.8\.npmrc Completed in 0ms
10 timing config:load:project Completed in 6ms
11 timing config:load:file:C:\Users\86139\.npmrc Completed in 1ms
12 timing config:load:user Completed in 1ms
13 timing config:load:file:C:\Users\86139\AppData\Roaming\npm\etc\npmrc Completed in 1ms
14 timing config:load:global Completed in 1ms
15 timing config:load:validate Completed in 0ms
16 timing config:load:credentials Completed in 1ms
17 timing config:load:setEnvs Completed in 0ms
18 timing config:load Completed in 14ms
19 timing npm:load:configload Completed in 14ms
20 timing npm:load:mkdirpcache Completed in 1ms
21 timing npm:load:mkdirplogs Completed in 0ms
22 verbose title npm install types-registry@latest
23 verbose argv "install" "--ignore-scripts" "types-registry@latest"
24 timing npm:load:setTitle Completed in 1ms
25 timing config:load:flatten Completed in 2ms
26 timing npm:load:display Completed in 2ms
27 verbose logfile logs-max:10 dir:D:\Desktop\python\_logs
28 verbose logfile D:\Desktop\python\_logs\2022-12-05T07_16_24_748Z-debug-0.log
29 timing npm:load:logFile Completed in 5ms
30 timing npm:load:timers Completed in 0ms
31 timing npm:load:configScope Completed in 0ms
32 timing npm:load Completed in 24ms
33 timing arborist:ctor Completed in 1ms
34 silly logfile done cleaning log files
35 timing arborist:ctor Completed in 0ms
36 timing idealTree:init Completed in 8ms
37 http fetch GET 200 https://registry.npmjs.org/types-registry 3775ms (cache miss)
38 timing idealTree:userRequests Completed in 3778ms
39 silly idealTree buildDeps
40 silly fetch manifest types-registry@0.1.621
41 silly placeDep ROOT types-registry@0.1.621 OK for:  want: 0.1.621
42 timing idealTree:#root Completed in 5ms
43 timing idealTree:node_modules/types-registry Completed in 0ms
44 timing idealTree:buildDeps Completed in 5ms
45 timing idealTree:fixDepFlags Completed in 1ms
46 timing idealTree Completed in 3793ms
47 timing reify:loadTrees Completed in 3793ms
48 timing reify:diffTrees Completed in 1ms
49 silly reify moves {}
50 timing reify:retireShallow Completed in 1ms
51 timing reify:createSparse Completed in 2ms
52 timing reify:loadBundles Completed in 0ms
53 silly audit bulk request { 'types-registry': [ '0.1.621' ] }
54 silly tarball no local data for types-registry@https://registry.npmjs.org/types-registry/-/types-registry-0.1.621.tgz. Extracting by manifest.
55 http fetch POST 200 https://registry.npmjs.org/-/npm/v1/security/advisories/bulk 290ms
56 timing auditReport:getReport Completed in 291ms
57 silly audit report {}
58 timing auditReport:init Completed in 0ms
59 timing reify:audit Completed in 291ms
60 http fetch GET 200 https://registry.npmjs.org/types-registry/-/types-registry-0.1.621.tgz 4628ms (cache miss)
61 timing reifyNode:node_modules/types-registry Completed in 4633ms
62 timing reify:unpack Completed in 4633ms
63 timing reify:unretire Completed in 0ms
64 timing build:queue Completed in 0ms
65 timing build:deps Completed in 0ms
66 timing build Completed in 0ms
67 timing reify:build Completed in 1ms
68 timing reify:trash Completed in 0ms
69 timing reify:save Completed in 3ms
70 timing reify Completed in 8446ms
71 silly ADD node_modules/types-registry
72 timing command:install Completed in 8449ms
73 verbose exit 0
74 timing npm Completed in 8590ms
75 info ok
