0 verbose cli D:\node.exe C:\Users\86139\AppData\Roaming\npm\node_modules\npm\bin\npm-cli.js
1 info using npm@9.2.0
2 info using node@v16.18.1
3 timing npm:load:whichnode Completed in 0ms
4 timing config:load:defaults Completed in 1ms
5 timing config:load:file:C:\Users\86139\AppData\Roaming\npm\node_modules\npm\npmrc Completed in 4ms
6 timing config:load:builtin Completed in 4ms
7 timing config:load:cli Completed in 1ms
8 timing config:load:env Completed in 0ms
9 timing config:load:file:D:\.npmrc Completed in 1ms
10 timing config:load:project Completed in 2ms
11 timing config:load:file:C:\Users\86139\.npmrc Completed in 1ms
12 timing config:load:user Completed in 1ms
13 timing config:load:file:C:\Users\86139\AppData\Roaming\npm\etc\npmrc Completed in 0ms
14 timing config:load:global Completed in 0ms
15 timing config:load:setEnvs Completed in 1ms
16 timing config:load Completed in 11ms
17 timing npm:load:configload Completed in 11ms
18 timing npm:load:mkdirpcache Completed in 1ms
19 timing npm:load:mkdirplogs Completed in 0ms
20 verbose title npm install nanoid
21 verbose argv "install" "nanoid"
22 timing npm:load:setTitle Completed in 1ms
23 timing config:load:flatten Completed in 2ms
24 timing npm:load:display Completed in 2ms
25 verbose logfile logs-max:10 dir:D:\Desktop\python\_logs\2023-03-07T14_21_10_491Z-
26 verbose logfile D:\Desktop\python\_logs\2023-03-07T14_21_10_491Z-debug-0.log
27 timing npm:load:logFile Completed in 5ms
28 timing npm:load:timers Completed in 0ms
29 timing npm:load:configScope Completed in 0ms
30 timing npm:load Completed in 21ms
31 silly logfile start cleaning logs, removing 6 files
32 timing config:load:flatten Completed in 0ms
33 timing arborist:ctor Completed in 1ms
34 timing command:install Completed in 3ms
35 verbose stack Error: EPERM: operation not permitted, mkdir 'D:\'
36 verbose cwd D:\Desktop\代码
37 verbose Windows_NT 10.0.22621
38 verbose node v16.18.1
39 verbose npm  v9.2.0
40 error code EPERM
41 error syscall mkdir
42 error path D:\
43 error errno -4048
44 error [Error: EPERM: operation not permitted, mkdir 'D:\'] {
44 error   errno: -4048,
44 error   code: 'EPERM',
44 error   syscall: 'mkdir',
44 error   path: 'D:\\'
44 error }
45 error
45 error The operation was rejected by your operating system.
45 error It's possible that the file was already in use (by a text editor or antivirus),
45 error or that you lack permissions to access it.
45 error
45 error If you believe this might be a permissions issue, please double-check the
45 error permissions of the file and its containing directories, or try running
45 error the command again as root/Administrator.
46 verbose exit -4048
47 timing npm Completed in 55ms
48 verbose unfinished npm timer reify 1678198870534
49 verbose code -4048
50 error A complete log of this run can be found in:
50 error     D:\Desktop\python\_logs\2023-03-07T14_21_10_491Z-debug-0.log
