0 verbose cli D:\node.exe C:\Users\86139\AppData\Roaming\npm\node_modules\npm\bin\npm-cli.js
1 info using npm@9.2.0
2 info using node@v16.18.1
3 timing npm:load:whichnode Completed in 0ms
4 timing config:load:defaults Completed in 1ms
5 timing config:load:file:C:\Users\86139\AppData\Roaming\npm\node_modules\npm\npmrc Completed in 4ms
6 timing config:load:builtin Completed in 4ms
7 timing config:load:cli Completed in 1ms
8 timing config:load:env Completed in 0ms
9 timing config:load:file:D:\.npmrc Completed in 0ms
10 timing config:load:project Completed in 2ms
11 timing config:load:file:C:\Users\86139\.npmrc Completed in 1ms
12 timing config:load:user Completed in 1ms
13 timing config:load:file:C:\Users\86139\AppData\Roaming\npm\etc\npmrc Completed in 1ms
14 timing config:load:global Completed in 1ms
15 timing config:load:setEnvs Completed in 0ms
16 timing config:load Completed in 11ms
17 timing npm:load:configload Completed in 11ms
18 timing npm:load:mkdirpcache Completed in 1ms
19 timing npm:load:mkdirplogs Completed in 1ms
20 verbose title npm run serve
21 verbose argv "run" "serve"
22 timing npm:load:setTitle Completed in 1ms
23 timing config:load:flatten Completed in 1ms
24 timing npm:load:display Completed in 2ms
25 verbose logfile logs-max:10 dir:D:\Desktop\python\_logs\2023-03-07T13_50_28_503Z-
26 verbose logfile D:\Desktop\python\_logs\2023-03-07T13_50_28_503Z-debug-0.log
27 timing npm:load:logFile Completed in 3ms
28 timing npm:load:timers Completed in 0ms
29 timing npm:load:configScope Completed in 0ms
30 timing npm:load Completed in 19ms
31 silly logfile start cleaning logs, removing 5 files
32 timing command:run Completed in 2ms
33 verbose stack Error: ENOENT: no such file or directory, open 'D:\package.json'
34 verbose cwd D:\Desktop\代码
35 verbose Windows_NT 10.0.22621
36 verbose node v16.18.1
37 verbose npm  v9.2.0
38 error code ENOENT
39 error syscall open
40 error path D:\/package.json
41 error errno -4058
42 error enoent ENOENT: no such file or directory, open 'D:\package.json'
43 error enoent This is related to npm not being able to find a file.
43 error enoent
44 verbose exit -4058
45 timing npm Completed in 41ms
46 verbose code -4058
47 error A complete log of this run can be found in:
47 error     D:\Desktop\python\_logs\2023-03-07T13_50_28_503Z-debug-0.log
