0 verbose cli D:\node.exe C:\Users\86139\AppData\Roaming\npm\node_modules\npm\bin\npm-cli.js
1 info using npm@9.2.0
2 info using node@v16.18.1
3 timing npm:load:whichnode Completed in 0ms
4 timing config:load:defaults Completed in 1ms
5 timing config:load:file:C:\Users\86139\AppData\Roaming\npm\node_modules\npm\npmrc Completed in 3ms
6 timing config:load:builtin Completed in 3ms
7 timing config:load:cli Completed in 1ms
8 timing config:load:env Completed in 0ms
9 timing config:load:file:D:\Desktop\hhh\NeteaseCloudMusicApi\.npmrc Completed in 0ms
10 timing config:load:project Completed in 2ms
11 timing config:load:file:C:\Users\86139\.npmrc Completed in 0ms
12 timing config:load:user Completed in 0ms
13 timing config:load:file:C:\Users\86139\AppData\Roaming\npm\etc\npmrc Completed in 0ms
14 timing config:load:global Completed in 1ms
15 timing config:load:setEnvs Completed in 0ms
16 timing config:load Completed in 9ms
17 timing npm:load:configload Completed in 9ms
18 timing npm:load:mkdirpcache Completed in 0ms
19 timing npm:load:mkdirplogs Completed in 1ms
20 verbose title npm exec lint-staged
21 verbose argv "exec" "--" "lint-staged"
22 timing npm:load:setTitle Completed in 1ms
23 timing config:load:flatten Completed in 2ms
24 timing npm:load:display Completed in 2ms
25 verbose logfile logs-max:10 dir:D:\Desktop\python\_logs\2023-04-14T06_49_35_538Z-
26 verbose logfile D:\Desktop\python\_logs\2023-04-14T06_49_35_538Z-debug-0.log
27 timing npm:load:logFile Completed in 5ms
28 timing npm:load:timers Completed in 0ms
29 timing npm:load:configScope Completed in 0ms
30 timing npm:load Completed in 18ms
31 silly logfile start cleaning logs, removing 2 files
32 timing config:load:flatten Completed in 0ms
33 silly logfile done cleaning log files
34 timing command:exec Completed in 782ms
35 verbose exit 0
36 timing npm Completed in 826ms
37 info ok
