0 verbose cli D:\node.exe C:\Users\86139\AppData\Roaming\npm\node_modules\npm\bin\npm-cli.js
1 info using npm@9.2.0
2 info using node@v16.18.1
3 timing npm:load:whichnode Completed in 1ms
4 timing config:load:defaults Completed in 1ms
5 timing config:load:file:C:\Users\86139\AppData\Roaming\npm\node_modules\npm\npmrc Completed in 3ms
6 timing config:load:builtin Completed in 4ms
7 timing config:load:cli Completed in 1ms
8 timing config:load:env Completed in 1ms
9 timing config:load:file:D:\Desktop\python\.npmrc Completed in 0ms
10 timing config:load:project Completed in 1ms
11 timing config:load:file:C:\Users\86139\.npmrc Completed in 1ms
12 timing config:load:user Completed in 1ms
13 timing config:load:file:C:\Users\86139\AppData\Roaming\npm\etc\npmrc Completed in 1ms
14 timing config:load:global Completed in 1ms
15 timing config:load:setEnvs Completed in 0ms
16 timing config:load Completed in 10ms
17 timing npm:load:configload Completed in 10ms
18 timing npm:load:mkdirpcache Completed in 0ms
19 timing npm:load:mkdirplogs Completed in 1ms
20 verbose title npm i randombytes-shim
21 verbose argv "i" "randombytes-shim"
22 timing npm:load:setTitle Completed in 1ms
23 timing config:load:flatten Completed in 2ms
24 timing npm:load:display Completed in 2ms
25 verbose logfile logs-max:10 dir:D:\Desktop\python\_logs\2023-03-08T09_09_09_185Z-
26 verbose logfile D:\Desktop\python\_logs\2023-03-08T09_09_09_185Z-debug-0.log
27 timing npm:load:logFile Completed in 5ms
28 timing npm:load:timers Completed in 0ms
29 timing npm:load:configScope Completed in 0ms
30 timing npm:load Completed in 21ms
31 silly logfile start cleaning logs, removing 2 files
32 timing config:load:flatten Completed in 0ms
33 timing arborist:ctor Completed in 0ms
34 silly logfile done cleaning log files
35 timing idealTree:init Completed in 21ms
36 timing idealTree:userRequests Completed in 2ms
37 silly idealTree buildDeps
38 silly fetch manifest randombytes-shim@*
39 timing arborist:ctor Completed in 1ms
40 http fetch GET 200 https://registry.npmmirror.com/randombytes-shim 357ms (cache miss)
41 silly placeDep ROOT randombytes-shim@0.0.3 OK for: python@1.0.0 want: *
42 timing idealTree:#root Completed in 363ms
43 timing idealTree:node_modules/randombytes-shim Completed in 0ms
44 timing idealTree:buildDeps Completed in 363ms
45 timing idealTree:fixDepFlags Completed in 0ms
46 timing idealTree Completed in 387ms
47 timing reify:loadTrees Completed in 388ms
48 timing reify:diffTrees Completed in 1ms
49 silly reify moves {}
50 timing reify:retireShallow Completed in 1ms
51 timing reify:createSparse Completed in 1ms
52 timing reify:loadBundles Completed in 0ms
53 silly audit bulk request {
53 silly audit   asn1: [ '0.2.6' ],
53 silly audit   'crypto-js': [ '4.1.1' ],
53 silly audit   'hash-base': [ '3.1.0' ],
53 silly audit   inherits: [ '2.0.4' ],
53 silly audit   jsencrypt: [ '3.0.0-rc.1' ],
53 silly audit   'md5.js': [ '1.3.5' ],
53 silly audit   'node-rsa': [ '1.1.1' ],
53 silly audit   'readable-stream': [ '3.6.0' ],
53 silly audit   'rsa-javascript': [ '1.0.1' ],
53 silly audit   'rsa-js-java': [ '1.0.4' ],
53 silly audit   'safe-buffer': [ '5.2.1' ],
53 silly audit   'safer-buffer': [ '2.1.2' ],
53 silly audit   string_decoder: [ '1.3.0' ],
53 silly audit   'util-deprecate': [ '1.0.2' ],
53 silly audit   'randombytes-shim': [ '0.0.3' ]
53 silly audit }
54 silly tarball no local data for randombytes-shim@https://registry.npmmirror.com/randombytes-shim/-/randombytes-shim-0.0.3.tgz. Extracting by manifest.
55 http fetch POST 404 https://registry.npmmirror.com/-/npm/v1/security/advisories/bulk 105ms (cache skip)
56 silly audit bulk request failed <h1>404 Not Found</h1>
57 http fetch POST 404 https://registry.npmmirror.com/-/npm/v1/security/audits/quick 81ms (cache skip)
58 verbose audit error HttpErrorGeneral: 404 Not Found - POST https://registry.npmmirror.com/-/npm/v1/security/audits/quick
58 verbose audit error     at C:\Users\86139\AppData\Roaming\npm\node_modules\npm\node_modules\npm-registry-fetch\lib\check-response.js:95:15
58 verbose audit error     at processTicksAndRejections (node:internal/process/task_queues:96:5)
58 verbose audit error     at async Map.[getReport] (C:\Users\86139\AppData\Roaming\npm\node_modules\npm\node_modules\@npmcli\arborist\lib\audit-report.js:335:21)
58 verbose audit error     at async Map.run (C:\Users\86139\AppData\Roaming\npm\node_modules\npm\node_modules\@npmcli\arborist\lib\audit-report.js:106:19) {
58 verbose audit error   headers: [Object: null prototype] {
58 verbose audit error     server: [ 'Tengine' ],
58 verbose audit error     'content-type': [ 'text/html; charset=utf-8' ],
58 verbose audit error     'content-length': [ '41' ],
58 verbose audit error     connection: [ 'keep-alive' ],
58 verbose audit error     'strict-transport-security': [ 'max-age=5184000' ],
58 verbose audit error     date: [ 'Wed, 08 Mar 2023 09:09:09 GMT' ],
58 verbose audit error     vary: [ 'Origin' ],
58 verbose audit error     'x-frame-options': [ 'SAMEORIGIN' ],
58 verbose audit error     'x-xss-protection': [ '1; mode=block' ],
58 verbose audit error     'x-content-type-options': [ 'nosniff' ],
58 verbose audit error     'x-download-options': [ 'noopen' ],
58 verbose audit error     'x-readtime': [ '0.365' ],
58 verbose audit error     'content-encoding': [ 'gzip' ],
58 verbose audit error     'ali-swift-global-savetime': [ '1678266549' ],
58 verbose audit error     via: [
58 verbose audit error       'cache60.l2cn3069[0,0,404-0,H], cache29.l2cn3069[0,0], kunlun7.cn1492[28,28,404-1280,M], kunlun4.cn1492[30,0]'
58 verbose audit error     ],
58 verbose audit error     age: [ '0' ],
58 verbose audit error     'x-cache': [ 'MISS TCP_MISS dirn:-2:-2' ],
58 verbose audit error     'x-swift-savetime': [ 'Wed, 08 Mar 2023 09:09:09 GMT' ],
58 verbose audit error     'x-swift-cachetime': [ '1' ],
58 verbose audit error     'x-swift-error': [ 'orig response 4XX error' ],
58 verbose audit error     'timing-allow-origin': [ '*' ],
58 verbose audit error     eagleid: [ '7754811816782665497405739e' ],
58 verbose audit error     'x-fetch-attempts': [ '1' ],
58 verbose audit error     'x-local-cache-status': [ 'skip' ]
58 verbose audit error   },
58 verbose audit error   statusCode: 404,
58 verbose audit error   code: 'E404',
58 verbose audit error   method: 'POST',
58 verbose audit error   uri: 'https://registry.npmmirror.com/-/npm/v1/security/audits/quick',
58 verbose audit error   body: <Buffer 3c 68 31 3e 34 30 34 20 4e 6f 74 20 46 6f 75 6e 64 3c 2f 68 31 3e>,
58 verbose audit error   pkgid: undefined
58 verbose audit error }
59 silly audit error <h1>404 Not Found</h1>
60 timing auditReport:getReport Completed in 193ms
61 silly audit report null
62 timing reify:audit Completed in 193ms
63 http fetch GET 200 https://cdn.npmmirror.com/packages/randombytes-shim/0.0.3/randombytes-shim-0.0.3.tgz 395ms (cache miss)
64 timing reifyNode:node_modules/randombytes-shim Completed in 406ms
65 timing reify:unpack Completed in 407ms
66 timing reify:unretire Completed in 0ms
67 timing build:queue Completed in 1ms
68 timing build:deps Completed in 1ms
69 timing build Completed in 1ms
70 timing reify:build Completed in 1ms
71 timing reify:trash Completed in 0ms
72 timing reify:save Completed in 6ms
73 timing reify Completed in 814ms
74 silly ADD node_modules/randombytes-shim
75 timing command:i Completed in 819ms
76 verbose exit 0
77 timing npm Completed in 879ms
78 info ok
