0 verbose cli D:\node.exe C:\Users\86139\AppData\Roaming\npm\node_modules\npm\bin\npm-cli.js
1 info using npm@9.2.0
2 info using node@v16.18.1
3 timing npm:load:whichnode Completed in 1ms
4 timing config:load:defaults Completed in 1ms
5 timing config:load:file:C:\Users\86139\AppData\Roaming\npm\node_modules\npm\npmrc Completed in 3ms
6 timing config:load:builtin Completed in 3ms
7 timing config:load:cli Completed in 0ms
8 timing config:load:env Completed in 0ms
9 timing config:load:file:D:\Desktop\web\.npmrc Completed in 0ms
10 timing config:load:project Completed in 2ms
11 timing config:load:file:C:\Users\86139\.npmrc Completed in 1ms
12 timing config:load:user Completed in 1ms
13 timing config:load:file:C:\Users\86139\AppData\Roaming\npm\etc\npmrc Completed in 0ms
14 timing config:load:global Completed in 0ms
15 timing config:load:setEnvs Completed in 1ms
16 timing config:load Completed in 9ms
17 timing npm:load:configload Completed in 9ms
18 timing npm:load:mkdirpcache Completed in 0ms
19 timing npm:load:mkdirplogs Completed in 1ms
20 verbose title npm i express
21 verbose argv "i" "express"
22 timing npm:load:setTitle Completed in 1ms
23 timing config:load:flatten Completed in 2ms
24 timing npm:load:display Completed in 2ms
25 verbose logfile logs-max:10 dir:D:\Desktop\python\_logs\2023-04-24T15_06_52_850Z-
26 verbose logfile D:\Desktop\python\_logs\2023-04-24T15_06_52_850Z-debug-0.log
27 timing npm:load:logFile Completed in 3ms
28 timing npm:load:timers Completed in 1ms
29 timing npm:load:configScope Completed in 0ms
30 timing npm:load Completed in 18ms
31 silly logfile start cleaning logs, removing 2 files
32 timing config:load:flatten Completed in 0ms
33 timing arborist:ctor Completed in 0ms
34 silly logfile done cleaning log files
35 timing idealTree:init Completed in 45ms
36 timing idealTree:userRequests Completed in 1ms
37 silly idealTree buildDeps
38 silly fetch manifest express@*
39 timing arborist:ctor Completed in 0ms
40 http fetch GET 200 https://registry.npmmirror.com/npm 337ms (cache updated)
41 http fetch GET 200 https://registry.npmmirror.com/express 341ms (cache revalidated)
42 silly placeDep ROOT express@4.18.2 OK for:  want: *
43 silly fetch manifest accepts@~1.3.8
44 silly fetch manifest array-flatten@1.1.1
45 silly fetch manifest body-parser@1.20.1
46 silly fetch manifest content-disposition@0.5.4
47 silly fetch manifest content-type@~1.0.4
48 silly fetch manifest cookie@0.5.0
49 silly fetch manifest cookie-signature@1.0.6
50 silly fetch manifest debug@2.6.9
51 silly fetch manifest depd@2.0.0
52 silly fetch manifest encodeurl@~1.0.2
53 silly fetch manifest escape-html@~1.0.3
54 silly fetch manifest etag@~1.8.1
55 silly fetch manifest finalhandler@1.2.0
56 silly fetch manifest fresh@0.5.2
57 silly fetch manifest http-errors@2.0.0
58 silly fetch manifest merge-descriptors@1.0.1
59 silly fetch manifest methods@~1.1.2
60 silly fetch manifest on-finished@2.4.1
61 silly fetch manifest parseurl@~1.3.3
62 silly fetch manifest path-to-regexp@0.1.7
63 silly fetch manifest proxy-addr@~2.0.7
64 silly fetch manifest qs@6.11.0
65 silly fetch manifest range-parser@~1.2.1
66 silly fetch manifest send@0.18.0
67 silly fetch manifest serve-static@1.15.0
68 silly fetch manifest setprototypeof@1.2.0
69 silly fetch manifest statuses@2.0.1
70 silly fetch manifest type-is@~1.6.18
71 silly fetch manifest utils-merge@1.0.1
72 silly fetch manifest vary@~1.1.2
73 http fetch GET 200 https://registry.npmmirror.com/cookie 174ms (cache revalidated)
74 http fetch GET 200 https://registry.npmmirror.com/body-parser 209ms (cache revalidated)
75 http fetch GET 200 https://registry.npmmirror.com/escape-html 208ms (cache revalidated)
76 http fetch GET 200 https://registry.npmmirror.com/depd 215ms (cache revalidated)
77 http fetch GET 200 https://registry.npmmirror.com/content-disposition 242ms (cache revalidated)
78 http fetch GET 200 https://registry.npmmirror.com/parseurl 238ms (cache revalidated)
79 http fetch GET 200 https://registry.npmmirror.com/path-to-regexp 239ms (cache revalidated)
80 http fetch GET 200 https://registry.npmmirror.com/merge-descriptors 260ms (cache revalidated)
81 http fetch GET 200 https://registry.npmmirror.com/finalhandler 261ms (cache revalidated)
82 http fetch GET 200 https://registry.npmmirror.com/serve-static 258ms (cache revalidated)
83 http fetch GET 200 https://registry.npmmirror.com/accepts 282ms (cache revalidated)
84 http fetch GET 200 https://registry.npmmirror.com/array-flatten 284ms (cache revalidated)
85 http fetch GET 200 https://registry.npmmirror.com/etag 280ms (cache revalidated)
86 http fetch GET 200 https://registry.npmmirror.com/fresh 299ms (cache revalidated)
87 http fetch GET 200 https://registry.npmmirror.com/encodeurl 301ms (cache revalidated)
88 http fetch GET 200 https://registry.npmmirror.com/vary 295ms (cache revalidated)
89 http fetch GET 200 https://registry.npmmirror.com/utils-merge 299ms (cache revalidated)
90 http fetch GET 200 https://registry.npmmirror.com/statuses 330ms (cache revalidated)
91 http fetch GET 200 https://registry.npmmirror.com/http-errors 335ms (cache revalidated)
92 http fetch GET 200 https://registry.npmmirror.com/setprototypeof 331ms (cache revalidated)
93 http fetch GET 200 https://registry.npmmirror.com/type-is 332ms (cache revalidated)
94 http fetch GET 200 https://registry.npmmirror.com/range-parser 334ms (cache revalidated)
95 http fetch GET 200 https://registry.npmmirror.com/qs 338ms (cache revalidated)
96 http fetch GET 200 https://registry.npmmirror.com/content-type 378ms (cache revalidated)
97 http fetch GET 200 https://registry.npmmirror.com/on-finished 405ms (cache revalidated)
98 http fetch GET 200 https://registry.npmmirror.com/cookie-signature 411ms (cache updated)
99 http fetch GET 200 https://registry.npmmirror.com/debug 478ms (cache updated)
100 http fetch GET 200 https://registry.npmmirror.com/send 560ms (cache revalidated)
101 http fetch GET 200 https://registry.npmmirror.com/methods 603ms (cache revalidated)
102 http fetch GET 200 https://registry.npmmirror.com/proxy-addr 632ms (cache revalidated)
103 timing idealTree:#root Completed in 988ms
104 silly placeDep ROOT accepts@1.3.8 OK for: express@4.18.2 want: ~1.3.8
105 silly placeDep ROOT array-flatten@1.1.1 OK for: express@4.18.2 want: 1.1.1
106 silly placeDep ROOT body-parser@1.20.1 OK for: express@4.18.2 want: 1.20.1
107 silly placeDep ROOT content-disposition@0.5.4 OK for: express@4.18.2 want: 0.5.4
108 silly placeDep ROOT content-type@1.0.5 OK for: express@4.18.2 want: ~1.0.4
109 silly placeDep ROOT cookie@0.5.0 OK for: express@4.18.2 want: 0.5.0
110 silly placeDep ROOT cookie-signature@1.0.6 OK for: express@4.18.2 want: 1.0.6
111 silly placeDep ROOT debug@2.6.9 OK for: express@4.18.2 want: 2.6.9
112 silly placeDep ROOT depd@2.0.0 OK for: express@4.18.2 want: 2.0.0
113 silly placeDep ROOT encodeurl@1.0.2 OK for: express@4.18.2 want: ~1.0.2
114 silly placeDep ROOT escape-html@1.0.3 OK for: express@4.18.2 want: ~1.0.3
115 silly placeDep ROOT etag@1.8.1 OK for: express@4.18.2 want: ~1.8.1
116 silly placeDep ROOT finalhandler@1.2.0 OK for: express@4.18.2 want: 1.2.0
117 silly placeDep ROOT fresh@0.5.2 OK for: express@4.18.2 want: 0.5.2
118 silly placeDep ROOT http-errors@2.0.0 OK for: express@4.18.2 want: 2.0.0
119 silly placeDep ROOT merge-descriptors@1.0.1 OK for: express@4.18.2 want: 1.0.1
120 silly placeDep ROOT methods@1.1.2 OK for: express@4.18.2 want: ~1.1.2
121 silly placeDep ROOT on-finished@2.4.1 OK for: express@4.18.2 want: 2.4.1
122 silly placeDep ROOT parseurl@1.3.3 OK for: express@4.18.2 want: ~1.3.3
123 silly placeDep ROOT path-to-regexp@0.1.7 OK for: express@4.18.2 want: 0.1.7
124 silly placeDep ROOT proxy-addr@2.0.7 OK for: express@4.18.2 want: ~2.0.7
125 silly placeDep node_modules/express qs@6.11.0 OK for: express@4.18.2 want: 6.11.0
126 silly placeDep ROOT range-parser@1.2.1 OK for: express@4.18.2 want: ~1.2.1
127 silly placeDep ROOT send@0.18.0 OK for: express@4.18.2 want: 0.18.0
128 silly placeDep ROOT serve-static@1.15.0 OK for: express@4.18.2 want: 1.15.0
129 silly placeDep ROOT setprototypeof@1.2.0 OK for: express@4.18.2 want: 1.2.0
130 silly placeDep ROOT statuses@2.0.1 OK for: express@4.18.2 want: 2.0.1
131 silly placeDep ROOT type-is@1.6.18 OK for: express@4.18.2 want: ~1.6.18
132 silly placeDep ROOT utils-merge@1.0.1 OK for: express@4.18.2 want: 1.0.1
133 silly placeDep ROOT vary@1.1.2 OK for: express@4.18.2 want: ~1.1.2
134 silly fetch manifest negotiator@0.6.3
135 silly fetch manifest bytes@3.1.2
136 silly fetch manifest destroy@1.2.0
137 silly fetch manifest iconv-lite@0.4.24
138 silly fetch manifest raw-body@2.5.1
139 silly fetch manifest unpipe@1.0.0
140 silly fetch manifest ms@2.0.0
141 silly fetch manifest unpipe@~1.0.0
142 silly fetch manifest inherits@2.0.4
143 silly fetch manifest toidentifier@1.0.1
144 silly fetch manifest ee-first@1.1.1
145 silly fetch manifest forwarded@0.2.0
146 silly fetch manifest ipaddr.js@1.9.1
147 silly fetch manifest side-channel@^1.0.4
148 silly fetch manifest mime@1.6.0
149 silly fetch manifest ms@2.1.3
150 silly fetch manifest media-typer@0.3.0
151 http fetch GET 200 https://registry.npmmirror.com/ms 122ms (cache revalidated)
152 http fetch GET 200 https://registry.npmmirror.com/ms 138ms (cache revalidated)
153 http fetch GET 200 https://registry.npmmirror.com/mime 149ms (cache revalidated)
154 http fetch GET 200 https://registry.npmmirror.com/unpipe 179ms (cache revalidated)
155 http fetch GET 200 https://registry.npmmirror.com/destroy 180ms (cache revalidated)
156 http fetch GET 200 https://registry.npmmirror.com/toidentifier 175ms (cache revalidated)
157 http fetch GET 200 https://registry.npmmirror.com/iconv-lite 181ms (cache revalidated)
158 http fetch GET 200 https://registry.npmmirror.com/unpipe 190ms (cache revalidated)
159 http fetch GET 200 https://registry.npmmirror.com/inherits 189ms (cache revalidated)
160 http fetch GET 200 https://registry.npmmirror.com/ipaddr.js 186ms (cache revalidated)
161 http fetch GET 200 https://registry.npmmirror.com/negotiator 194ms (cache revalidated)
162 http fetch GET 200 https://registry.npmmirror.com/side-channel 186ms (cache revalidated)
163 http fetch GET 200 https://registry.npmmirror.com/bytes 228ms (cache revalidated)
164 http fetch GET 200 https://registry.npmmirror.com/forwarded 240ms (cache revalidated)
165 http fetch GET 200 https://registry.npmmirror.com/raw-body 246ms (cache revalidated)
166 http fetch GET 200 https://registry.npmmirror.com/ee-first 291ms (cache revalidated)
167 http fetch GET 200 https://registry.npmmirror.com/media-typer 1888ms (cache revalidated)
168 timing idealTree:node_modules/express Completed in 1917ms
169 silly placeDep ROOT negotiator@0.6.3 OK for: accepts@1.3.8 want: 0.6.3
170 timing idealTree:node_modules/accepts Completed in 1ms
171 timing idealTree:node_modules/array-flatten Completed in 0ms
172 silly placeDep ROOT bytes@3.1.2 OK for: body-parser@1.20.1 want: 3.1.2
173 silly placeDep ROOT destroy@1.2.0 OK for: body-parser@1.20.1 want: 1.2.0
174 silly placeDep ROOT iconv-lite@0.4.24 OK for: body-parser@1.20.1 want: 0.4.24
175 silly placeDep node_modules/body-parser qs@6.11.0 OK for: body-parser@1.20.1 want: 6.11.0
176 silly placeDep ROOT raw-body@2.5.1 OK for: body-parser@1.20.1 want: 2.5.1
177 silly placeDep ROOT unpipe@1.0.0 OK for: body-parser@1.20.1 want: 1.0.0
178 timing idealTree:node_modules/body-parser Completed in 4ms
179 timing idealTree:node_modules/bytes Completed in 0ms
180 timing idealTree:node_modules/content-disposition Completed in 0ms
181 timing idealTree:node_modules/content-type Completed in 0ms
182 timing idealTree:node_modules/cookie Completed in 0ms
183 timing idealTree:node_modules/cookie-signature Completed in 0ms
184 silly placeDep ROOT ms@2.0.0 OK for: debug@2.6.9 want: 2.0.0
185 timing idealTree:node_modules/debug Completed in 1ms
186 timing idealTree:node_modules/depd Completed in 0ms
187 timing idealTree:node_modules/destroy Completed in 0ms
188 timing idealTree:node_modules/encodeurl Completed in 0ms
189 timing idealTree:node_modules/escape-html Completed in 0ms
190 timing idealTree:node_modules/etag Completed in 0ms
191 timing idealTree:node_modules/finalhandler Completed in 0ms
192 timing idealTree:node_modules/fresh Completed in 0ms
193 silly placeDep ROOT inherits@2.0.4 OK for: http-errors@2.0.0 want: 2.0.4
194 silly placeDep ROOT toidentifier@1.0.1 OK for: http-errors@2.0.0 want: 1.0.1
195 timing idealTree:node_modules/http-errors Completed in 1ms
196 timing idealTree:node_modules/iconv-lite Completed in 0ms
197 timing idealTree:node_modules/inherits Completed in 0ms
198 timing idealTree:node_modules/merge-descriptors Completed in 0ms
199 timing idealTree:node_modules/methods Completed in 0ms
200 timing idealTree:node_modules/ms Completed in 0ms
201 timing idealTree:node_modules/negotiator Completed in 0ms
202 silly placeDep ROOT ee-first@1.1.1 OK for: on-finished@2.4.1 want: 1.1.1
203 timing idealTree:node_modules/on-finished Completed in 1ms
204 timing idealTree:node_modules/ee-first Completed in 0ms
205 timing idealTree:node_modules/parseurl Completed in 0ms
206 timing idealTree:node_modules/path-to-regexp Completed in 0ms
207 silly placeDep ROOT forwarded@0.2.0 OK for: proxy-addr@2.0.7 want: 0.2.0
208 silly placeDep ROOT ipaddr.js@1.9.1 OK for: proxy-addr@2.0.7 want: 1.9.1
209 timing idealTree:node_modules/proxy-addr Completed in 2ms
210 timing idealTree:node_modules/forwarded Completed in 0ms
211 timing idealTree:node_modules/ipaddr.js Completed in 0ms
212 timing idealTree:node_modules/range-parser Completed in 0ms
213 timing idealTree:node_modules/raw-body Completed in 0ms
214 silly placeDep ROOT mime@1.6.0 OK for: send@0.18.0 want: 1.6.0
215 silly placeDep node_modules/send ms@2.1.3 OK for: send@0.18.0 want: 2.1.3
216 timing idealTree:node_modules/send Completed in 1ms
217 timing idealTree:node_modules/mime Completed in 0ms
218 timing idealTree:node_modules/serve-static Completed in 0ms
219 timing idealTree:node_modules/setprototypeof Completed in 0ms
220 timing idealTree:node_modules/statuses Completed in 0ms
221 timing idealTree:node_modules/toidentifier Completed in 0ms
222 silly placeDep ROOT media-typer@0.3.0 OK for: type-is@1.6.18 want: 0.3.0
223 timing idealTree:node_modules/type-is Completed in 1ms
224 timing idealTree:node_modules/media-typer Completed in 0ms
225 timing idealTree:node_modules/unpipe Completed in 0ms
226 timing idealTree:node_modules/utils-merge Completed in 0ms
227 timing idealTree:node_modules/vary Completed in 0ms
228 silly placeDep ROOT side-channel@1.0.4 OK for: qs@6.11.0 want: ^1.0.4
229 silly fetch manifest call-bind@^1.0.0
230 silly fetch manifest get-intrinsic@^1.0.2
231 silly fetch manifest object-inspect@^1.9.0
232 http fetch GET 200 https://registry.npmmirror.com/get-intrinsic 105ms (cache revalidated)
233 http fetch GET 200 https://registry.npmmirror.com/call-bind 176ms (cache revalidated)
234 http fetch GET 200 https://registry.npmmirror.com/object-inspect 445ms (cache revalidated)
235 timing idealTree:node_modules/body-parser/node_modules/qs Completed in 448ms
236 silly placeDep ROOT call-bind@1.0.2 OK for: side-channel@1.0.4 want: ^1.0.0
237 silly placeDep ROOT get-intrinsic@1.2.0 OK for: side-channel@1.0.4 want: ^1.0.2
238 silly placeDep ROOT object-inspect@1.12.3 OK for: side-channel@1.0.4 want: ^1.9.0
239 silly fetch manifest function-bind@^1.1.1
240 silly fetch manifest has@^1.0.3
241 silly fetch manifest has-symbols@^1.0.3
242 http fetch GET 200 https://registry.npmmirror.com/has-symbols 133ms (cache revalidated)
243 http fetch GET 200 https://registry.npmmirror.com/function-bind 173ms (cache revalidated)
244 http fetch GET 200 https://registry.npmmirror.com/has 213ms (cache revalidated)
245 timing idealTree:node_modules/side-channel Completed in 219ms
246 silly placeDep ROOT function-bind@1.1.1 OK for: call-bind@1.0.2 want: ^1.1.1
247 timing idealTree:node_modules/call-bind Completed in 0ms
248 timing idealTree:node_modules/function-bind Completed in 0ms
249 silly placeDep ROOT has@1.0.3 OK for: get-intrinsic@1.2.0 want: ^1.0.3
250 silly placeDep ROOT has-symbols@1.0.3 OK for: get-intrinsic@1.2.0 want: ^1.0.3
251 timing idealTree:node_modules/get-intrinsic Completed in 1ms
252 timing idealTree:node_modules/has Completed in 0ms
253 timing idealTree:node_modules/has-symbols Completed in 0ms
254 timing idealTree:node_modules/object-inspect Completed in 0ms
255 timing idealTree:node_modules/express/node_modules/qs Completed in 0ms
256 timing idealTree:node_modules/send/node_modules/ms Completed in 0ms
257 timing idealTree:buildDeps Completed in 3588ms
258 timing idealTree:fixDepFlags Completed in 1ms
259 timing idealTree Completed in 3636ms
260 timing reify:loadTrees Completed in 3638ms
261 timing reify:diffTrees Completed in 5ms
262 silly reify moves {}
263 timing reify:retireShallow Completed in 1ms
264 timing reify:createSparse Completed in 14ms
265 timing reify:loadBundles Completed in 0ms
266 silly audit bulk request {
266 silly audit   '@lokesh.dhakar/quantize': [ '1.3.0' ],
266 silly audit   ajv: [ '6.12.6' ],
266 silly audit   asn1: [ '0.2.6' ],
266 silly audit   'assert-plus': [ '1.0.0' ],
266 silly audit   asynckit: [ '0.4.0' ],
266 silly audit   'aws-sign2': [ '0.7.0' ],
266 silly audit   aws4: [ '1.12.0' ],
266 silly audit   'bcrypt-pbkdf': [ '1.0.2' ],
266 silly audit   caseless: [ '0.12.0' ],
266 silly audit   charenc: [ '0.0.2' ],
266 silly audit   colorthief: [ '2.4.0' ],
266 silly audit   'combined-stream': [ '1.0.8' ],
266 silly audit   'core-util-is': [ '1.0.2' ],
266 silly audit   crypt: [ '0.0.2' ],
266 silly audit   'crypto-js': [ '4.1.1' ],
266 silly audit   'cwise-compiler': [ '1.1.3' ],
266 silly audit   dashdash: [ '1.14.1' ],
266 silly audit   'data-uri-to-buffer': [ '0.0.3' ],
266 silly audit   'delayed-stream': [ '1.0.0' ],
266 silly audit   'ecc-jsbn': [ '0.1.2' ],
266 silly audit   extend: [ '3.0.2' ],
266 silly audit   extsprintf: [ '1.3.0' ],
266 silly audit   'fast-deep-equal': [ '3.1.3' ],
266 silly audit   'fast-json-stable-stringify': [ '2.1.0' ],
266 silly audit   'forever-agent': [ '0.6.1' ],
266 silly audit   'form-data': [ '2.3.3' ],
266 silly audit   'get-pixels': [ '3.3.3' ],
266 silly audit   getpass: [ '0.1.7' ],
266 silly audit   'har-schema': [ '2.0.0' ],
266 silly audit   'har-validator': [ '5.1.5' ],
266 silly audit   'http-signature': [ '1.2.0' ],
266 silly audit   'iota-array': [ '1.0.0' ],
266 silly audit   'is-buffer': [ '1.1.6' ],
266 silly audit   'is-typedarray': [ '1.0.0' ],
266 silly audit   isstream: [ '0.1.2' ],
266 silly audit   'jpeg-js': [ '0.4.4' ],
266 silly audit   jsbn: [ '0.1.1' ],
266 silly audit   'json-schema': [ '0.4.0' ],
266 silly audit   'json-schema-traverse': [ '0.4.1' ],
266 silly audit   'json-stringify-safe': [ '5.0.1' ],
266 silly audit   jsprim: [ '1.4.2' ],
266 silly audit   md5: [ '2.3.0' ],
266 silly audit   'mime-db': [ '1.52.0' ],
266 silly audit   'mime-types': [ '2.1.35' ],
266 silly audit   moment: [ '2.29.4' ],
266 silly audit   ndarray: [ '1.0.19' ],
266 silly audit   'ndarray-pack': [ '1.2.1' ],
266 silly audit   'node-bitmap': [ '0.0.1' ],
266 silly audit   'oauth-sign': [ '0.9.0' ],
266 silly audit   omggif: [ '1.0.10' ],
266 silly audit   'parse-data-uri': [ '0.2.0' ],
266 silly audit   'performance-now': [ '2.1.0' ],
266 silly audit   pngjs: [ '3.4.0' ],
266 silly audit   psl: [ '1.9.0' ],
266 silly audit   punycode: [ '2.3.0' ],
266 silly audit   qs: [ '6.5.3', '6.11.0' ],
266 silly audit   request: [ '2.88.2' ],
266 silly audit   'safe-buffer': [ '5.2.1' ],
266 silly audit   'safer-buffer': [ '2.1.2' ],
266 silly audit   sshpk: [ '1.17.0' ],
266 silly audit   through: [ '2.3.8' ],
266 silly audit   'tough-cookie': [ '2.5.0' ],
266 silly audit   'tunnel-agent': [ '0.6.0' ],
266 silly audit   tweetnacl: [ '0.14.5' ],
266 silly audit   uniq: [ '1.0.1' ],
266 silly audit   'uri-js': [ '4.4.1' ],
266 silly audit   uuid: [ '3.4.0' ],
266 silly audit   verror: [ '1.10.0' ],
266 silly audit   express: [ '4.18.2' ],
266 silly audit   accepts: [ '1.3.8' ],
266 silly audit   'array-flatten': [ '1.1.1' ],
266 silly audit   'body-parser': [ '1.20.1' ],
266 silly audit   'content-disposition': [ '0.5.4' ],
266 silly audit   'content-type': [ '1.0.5' ],
266 silly audit   cookie: [ '0.5.0' ],
266 silly audit   'cookie-signature': [ '1.0.6' ],
266 silly audit   debug: [ '2.6.9' ],
266 silly audit   depd: [ '2.0.0' ],
266 silly audit   encodeurl: [ '1.0.2' ],
266 silly audit   'escape-html': [ '1.0.3' ],
266 silly audit   etag: [ '1.8.1' ],
266 silly audit   finalhandler: [ '1.2.0' ],
266 silly audit   fresh: [ '0.5.2' ],
266 silly audit   'http-errors': [ '2.0.0' ],
266 silly audit   'merge-descriptors': [ '1.0.1' ],
266 silly audit   methods: [ '1.1.2' ],
266 silly audit   'on-finished': [ '2.4.1' ],
266 silly audit   parseurl: [ '1.3.3' ],
266 silly audit   'path-to-regexp': [ '0.1.7' ],
266 silly audit   'proxy-addr': [ '2.0.7' ],
266 silly audit   'range-parser': [ '1.2.1' ],
266 silly audit   send: [ '0.18.0' ],
266 silly audit   'serve-static': [ '1.15.0' ],
266 silly audit   setprototypeof: [ '1.2.0' ],
266 silly audit   statuses: [ '2.0.1' ],
266 silly audit   'type-is': [ '1.6.18' ],
266 silly audit   'utils-merge': [ '1.0.1' ],
266 silly audit   vary: [ '1.1.2' ],
266 silly audit   negotiator: [ '0.6.3' ],
266 silly audit   bytes: [ '3.1.2' ],
266 silly audit   destroy: [ '1.2.0' ],
266 silly audit   'iconv-lite': [ '0.4.24' ],
266 silly audit   'raw-body': [ '2.5.1' ],
266 silly audit   unpipe: [ '1.0.0' ],
266 silly audit   ms: [ '2.0.0', '2.1.3' ],
266 silly audit   inherits: [ '2.0.4' ],
266 silly audit   toidentifier: [ '1.0.1' ],
266 silly audit   'ee-first': [ '1.1.1' ],
266 silly audit   forwarded: [ '0.2.0' ],
266 silly audit   'ipaddr.js': [ '1.9.1' ],
266 silly audit   mime: [ '1.6.0' ],
266 silly audit   'media-typer': [ '0.3.0' ],
266 silly audit   'side-channel': [ '1.0.4' ],
266 silly audit   'call-bind': [ '1.0.2' ],
266 silly audit   'get-intrinsic': [ '1.2.0' ],
266 silly audit   'object-inspect': [ '1.12.3' ],
266 silly audit   'function-bind': [ '1.1.1' ],
266 silly audit   has: [ '1.0.3' ],
266 silly audit   'has-symbols': [ '1.0.3' ]
266 silly audit }
267 timing reifyNode:node_modules/ee-first Completed in 130ms
268 timing reifyNode:node_modules/ms Completed in 131ms
269 timing reifyNode:node_modules/destroy Completed in 131ms
270 timing reifyNode:node_modules/escape-html Completed in 131ms
271 timing reifyNode:node_modules/send/node_modules/ms Completed in 131ms
272 timing reifyNode:node_modules/array-flatten Completed in 134ms
273 timing reifyNode:node_modules/media-typer Completed in 140ms
274 timing reifyNode:node_modules/forwarded Completed in 140ms
275 timing reifyNode:node_modules/inherits Completed in 141ms
276 timing reifyNode:node_modules/unpipe Completed in 141ms
277 timing reifyNode:node_modules/toidentifier Completed in 141ms
278 timing reifyNode:node_modules/vary Completed in 142ms
279 timing reifyNode:node_modules/path-to-regexp Completed in 141ms
280 timing reifyNode:node_modules/bytes Completed in 142ms
281 timing reifyNode:node_modules/utils-merge Completed in 142ms
282 timing reifyNode:node_modules/parseurl Completed in 142ms
283 timing reifyNode:node_modules/http-errors Completed in 142ms
284 timing reifyNode:node_modules/range-parser Completed in 142ms
285 timing reifyNode:node_modules/merge-descriptors Completed in 142ms
286 timing reifyNode:node_modules/type-is Completed in 143ms
287 timing reifyNode:node_modules/etag Completed in 143ms
288 timing reifyNode:node_modules/cookie-signature Completed in 143ms
289 timing reifyNode:node_modules/methods Completed in 143ms
290 timing reifyNode:node_modules/fresh Completed in 143ms
291 timing reifyNode:node_modules/encodeurl Completed in 144ms
292 timing reifyNode:node_modules/content-type Completed in 145ms
293 timing reifyNode:node_modules/proxy-addr Completed in 146ms
294 timing reifyNode:node_modules/on-finished Completed in 146ms
295 timing reifyNode:node_modules/serve-static Completed in 146ms
296 timing reifyNode:node_modules/has Completed in 149ms
297 timing reifyNode:node_modules/accepts Completed in 148ms
298 timing reifyNode:node_modules/content-disposition Completed in 149ms
299 timing reifyNode:node_modules/setprototypeof Completed in 152ms
300 timing reifyNode:node_modules/statuses Completed in 153ms
301 timing reifyNode:node_modules/finalhandler Completed in 152ms
302 timing reifyNode:node_modules/cookie Completed in 153ms
303 timing reifyNode:node_modules/ipaddr.js Completed in 156ms
304 timing reifyNode:node_modules/depd Completed in 155ms
305 timing reifyNode:node_modules/send Completed in 156ms
306 timing reifyNode:node_modules/raw-body Completed in 158ms
307 timing reifyNode:node_modules/get-intrinsic Completed in 167ms
308 timing reifyNode:node_modules/negotiator Completed in 168ms
309 timing reifyNode:node_modules/side-channel Completed in 170ms
310 timing reifyNode:node_modules/mime Completed in 171ms
311 timing reifyNode:node_modules/function-bind Completed in 176ms
312 timing reifyNode:node_modules/call-bind Completed in 176ms
313 timing reifyNode:node_modules/body-parser Completed in 176ms
314 timing reifyNode:node_modules/has-symbols Completed in 180ms
315 timing reifyNode:node_modules/debug Completed in 182ms
316 timing reifyNode:node_modules/express Completed in 186ms
317 timing reifyNode:node_modules/body-parser/node_modules/qs Completed in 188ms
318 timing reifyNode:node_modules/express/node_modules/qs Completed in 189ms
319 http fetch POST 404 https://registry.npmmirror.com/-/npm/v1/security/advisories/bulk 197ms (cache skip)
320 silly audit bulk request failed <h1>404 Not Found</h1>
321 timing reifyNode:node_modules/iconv-lite Completed in 222ms
322 timing reifyNode:node_modules/object-inspect Completed in 224ms
323 timing reify:unpack Completed in 225ms
324 timing reify:unretire Completed in 1ms
325 timing build:queue Completed in 2ms
326 timing build:link:node_modules/mime Completed in 5ms
327 timing build:link Completed in 5ms
328 timing build:deps Completed in 9ms
329 timing build Completed in 9ms
330 timing reify:build Completed in 9ms
331 timing reify:trash Completed in 0ms
332 timing reify:save Completed in 13ms
333 http fetch POST 404 https://registry.npmmirror.com/-/npm/v1/security/audits/quick 196ms (cache skip)
334 verbose audit error HttpErrorGeneral: 404 Not Found - POST https://registry.npmmirror.com/-/npm/v1/security/audits/quick
334 verbose audit error     at C:\Users\86139\AppData\Roaming\npm\node_modules\npm\node_modules\npm-registry-fetch\lib\check-response.js:95:15
334 verbose audit error     at processTicksAndRejections (node:internal/process/task_queues:96:5)
334 verbose audit error     at async Map.[getReport] (C:\Users\86139\AppData\Roaming\npm\node_modules\npm\node_modules\@npmcli\arborist\lib\audit-report.js:335:21)
334 verbose audit error     at async Map.run (C:\Users\86139\AppData\Roaming\npm\node_modules\npm\node_modules\@npmcli\arborist\lib\audit-report.js:106:19)
334 verbose audit error     at async Arborist.reify (C:\Users\86139\AppData\Roaming\npm\node_modules\npm\node_modules\@npmcli\arborist\lib\arborist\reify.js:162:24)
334 verbose audit error     at async Install.exec (C:\Users\86139\AppData\Roaming\npm\node_modules\npm\lib\commands\install.js:146:5)
334 verbose audit error     at async module.exports (C:\Users\86139\AppData\Roaming\npm\node_modules\npm\lib\cli.js:133:5) {
334 verbose audit error   headers: [Object: null prototype] {
334 verbose audit error     server: [ 'Tengine' ],
334 verbose audit error     'content-type': [ 'text/html; charset=utf-8' ],
334 verbose audit error     'content-length': [ '41' ],
334 verbose audit error     connection: [ 'keep-alive' ],
334 verbose audit error     'strict-transport-security': [ 'max-age=5184000' ],
334 verbose audit error     date: [ 'Mon, 24 Apr 2023 15:06:56 GMT' ],
334 verbose audit error     vary: [ 'Origin' ],
334 verbose audit error     'x-frame-options': [ 'SAMEORIGIN' ],
334 verbose audit error     'x-xss-protection': [ '1; mode=block' ],
334 verbose audit error     'x-content-type-options': [ 'nosniff' ],
334 verbose audit error     'x-download-options': [ 'noopen' ],
334 verbose audit error     'x-readtime': [ '0.665' ],
334 verbose audit error     'content-encoding': [ 'gzip' ],
334 verbose audit error     'ali-swift-global-savetime': [ '1682348816' ],
334 verbose audit error     via: [
334 verbose audit error       'cache60.l2cn3069[0,0,404-0,H], cache23.l2cn3069[1,0], kunlun7.cn1492[34,34,404-1280,M], kunlun8.cn1492[52,0]'
334 verbose audit error     ],
334 verbose audit error     age: [ '0' ],
334 verbose audit error     'x-cache': [ 'MISS TCP_MISS dirn:-2:-2' ],
334 verbose audit error     'x-swift-savetime': [ 'Mon, 24 Apr 2023 15:06:56 GMT' ],
334 verbose audit error     'x-swift-cachetime': [ '1' ],
334 verbose audit error     'x-swift-error': [ 'orig response 4XX error' ],
334 verbose audit error     'timing-allow-origin': [ '*' ],
334 verbose audit error     eagleid: [ '7754811c16823488161258824e' ],
334 verbose audit error     'x-fetch-attempts': [ '1' ],
334 verbose audit error     'x-local-cache-status': [ 'skip' ]
334 verbose audit error   },
334 verbose audit error   statusCode: 404,
334 verbose audit error   code: 'E404',
334 verbose audit error   method: 'POST',
334 verbose audit error   uri: 'https://registry.npmmirror.com/-/npm/v1/security/audits/quick',
334 verbose audit error   body: <Buffer 3c 68 31 3e 34 30 34 20 4e 6f 74 20 46 6f 75 6e 64 3c 2f 68 31 3e>,
334 verbose audit error   pkgid: undefined
334 verbose audit error }
335 silly audit error <h1>404 Not Found</h1>
336 timing auditReport:getReport Completed in 416ms
337 silly audit report null
338 timing reify:audit Completed in 416ms
339 timing reify Completed in 4083ms
340 silly ADD node_modules/has-symbols
341 silly ADD node_modules/has
342 silly ADD node_modules/function-bind
343 silly ADD node_modules/object-inspect
344 silly ADD node_modules/get-intrinsic
345 silly ADD node_modules/call-bind
346 silly ADD node_modules/side-channel
347 silly ADD node_modules/media-typer
348 silly ADD node_modules/mime
349 silly ADD node_modules/ipaddr.js
350 silly ADD node_modules/forwarded
351 silly ADD node_modules/ee-first
352 silly ADD node_modules/toidentifier
353 silly ADD node_modules/inherits
354 silly ADD node_modules/ms
355 silly ADD node_modules/unpipe
356 silly ADD node_modules/raw-body
357 silly ADD node_modules/iconv-lite
358 silly ADD node_modules/destroy
359 silly ADD node_modules/bytes
360 silly ADD node_modules/negotiator
361 silly ADD node_modules/vary
362 silly ADD node_modules/utils-merge
363 silly ADD node_modules/type-is
364 silly ADD node_modules/statuses
365 silly ADD node_modules/setprototypeof
366 silly ADD node_modules/serve-static
367 silly ADD node_modules/send
368 silly ADD node_modules/send/node_modules/ms
369 silly ADD node_modules/range-parser
370 silly ADD node_modules/proxy-addr
371 silly ADD node_modules/path-to-regexp
372 silly ADD node_modules/parseurl
373 silly ADD node_modules/on-finished
374 silly ADD node_modules/methods
375 silly ADD node_modules/merge-descriptors
376 silly ADD node_modules/http-errors
377 silly ADD node_modules/fresh
378 silly ADD node_modules/finalhandler
379 silly ADD node_modules/etag
380 silly ADD node_modules/escape-html
381 silly ADD node_modules/encodeurl
382 silly ADD node_modules/depd
383 silly ADD node_modules/debug
384 silly ADD node_modules/cookie-signature
385 silly ADD node_modules/cookie
386 silly ADD node_modules/content-type
387 silly ADD node_modules/content-disposition
388 silly ADD node_modules/body-parser
389 silly ADD node_modules/body-parser/node_modules/qs
390 silly ADD node_modules/array-flatten
391 silly ADD node_modules/accepts
392 silly ADD node_modules/express
393 silly ADD node_modules/express/node_modules/qs
394 timing command:i Completed in 4087ms
395 notice
395 notice New [33mminor[39m version of npm available! [31m9.2.0[39m -> [32m9.6.5[39m
395 notice Changelog: [36mhttps://github.com/npm/cli/releases/tag/v9.6.5[39m
395 notice Run [32mnpm install -g npm@9.6.5[39m to update!
395 notice
396 verbose exit 0
397 timing npm Completed in 4140ms
398 info ok
